#
# There is insufficient memory for the Java Runtime Environment to continue.
# Native memory allocation (malloc) failed to allocate 1738720 bytes for Chunk::new
# Possible reasons:
#   The system is out of physical RAM or swap space
#   The process is running with CompressedOops enabled, and the Java Heap may be blocking the growth of the native heap
# Possible solutions:
#   Reduce memory load on the system
#   Increase physical memory or swap space
#   Check if swap backing store is full
#   Decrease Java heap size (-Xmx/-Xms)
#   Decrease number of Java threads
#   Decrease Java thread stack sizes (-Xss)
#   Set larger code cache with -XX:ReservedCodeCacheSize=
#   JVM is running with Unscaled Compressed Oops mode in which the Java heap is
#     placed in the first 4GB address space. The Java Heap base address is the
#     maximum limit for the native heap growth. Please use -XX:HeapBaseMinAddress
#     to set the Java Heap base and to place the Java Heap above 4GB virtual address.
# This output file may be truncated or incomplete.
#
#  Out of Memory Error (arena.cpp:189), pid=10960, tid=13388
#
# JRE version: OpenJDK Runtime Environment Temurin-17.0.5+8 (17.0.5+8) (build 17.0.5+8)
# Java VM: OpenJDK 64-Bit Server VM Temurin-17.0.5+8 (17.0.5+8, mixed mode, tiered, compressed oops, compressed class ptrs, parallel gc, windows-amd64)
# No core dump will be written. Minidumps are not enabled by default on client versions of Windows
#

---------------  S U M M A R Y ------------

Command Line: --add-modules=ALL-SYSTEM --add-opens=java.base/java.util=ALL-UNNAMED --add-opens=java.base/java.lang=ALL-UNNAMED --add-opens=java.base/sun.nio.fs=ALL-UNNAMED -Declipse.application=org.eclipse.jdt.ls.core.id1 -Dosgi.bundles.defaultStartLevel=4 -Declipse.product=org.eclipse.jdt.ls.core.product -Djava.import.generatesMetadataFilesAtProjectRoot=false -Dfile.encoding=utf8 -XX:+UseParallelGC -XX:GCTimeRatio=4 -XX:AdaptiveSizePolicyWeight=90 -Dsun.zip.disableMemoryMapping=true -Xmx2G -Xms100m -Xlog:disable -javaagent:c:\Users\acer\.vscode\extensions\redhat.java-1.13.0-win32-x64\lombok\lombok-1.18.24.jar -XX:+HeapDumpOnOutOfMemoryError -XX:HeapDumpPath=c:\Users\acer\AppData\Roaming\Code\User\workspaceStorage\0e8752d5f3b152e03b92dc583413c394\redhat.java c:\Users\acer\.vscode\extensions\redhat.java-1.13.0-win32-x64\server\plugins\org.eclipse.equinox.launcher_1.6.400.v20210924-0641.jar -configuration c:\Users\acer\AppData\Roaming\Code\User\globalStorage\redhat.java\1.13.0\config_win -data c:\Users\acer\AppData\Roaming\Code\User\workspaceStorage\0e8752d5f3b152e03b92dc583413c394\redhat.java\jdt_ws

Host: AMD Ryzen 5 3500U with Radeon Vega Mobile Gfx  , 8 cores, 13G,  Windows 11 , 64 bit Build 22000 (10.0.22000.1335)
Time: Tue Jan 10 01:20:36 2023 Russia TZ 4 Standard Time elapsed time: 55.554608 seconds (0d 0h 0m 55s)

---------------  T H R E A D  ---------------

Current thread (0x00000285197af660):  JavaThread "C2 CompilerThread1" daemon [_thread_in_native, id=13388, stack(0x000000c26e100000,0x000000c26e200000)]


Current CompileTask:
C2:  55554 10548       4       org.eclipse.jdt.internal.compiler.parser.Parser::consumeRule (7834 bytes)

Stack: [0x000000c26e100000,0x000000c26e200000]
Native frames: (J=compiled Java code, j=interpreted, Vv=VM code, C=native code)
V  [jvm.dll+0x676b3a]
V  [jvm.dll+0x831444]
V  [jvm.dll+0x832bee]
V  [jvm.dll+0x833253]
V  [jvm.dll+0x244ce5]
V  [jvm.dll+0xabbac]
V  [jvm.dll+0xac17c]
V  [jvm.dll+0x362d57]
V  [jvm.dll+0x32d591]
V  [jvm.dll+0x32ca3a]
V  [jvm.dll+0x217b51]
V  [jvm.dll+0x216f71]
V  [jvm.dll+0x1a343d]
V  [jvm.dll+0x22698a]
V  [jvm.dll+0x224ac5]
V  [jvm.dll+0x7e727b]
V  [jvm.dll+0x7e17ea]
V  [jvm.dll+0x6759e5]
C  [ucrtbase.dll+0x26c0c]
C  [KERNEL32.DLL+0x155a0]
C  [ntdll.dll+0x485b]


---------------  P R O C E S S  ---------------

Threads class SMR info:
_java_thread_list=0x000002851b2f3650, length=39, elements={
0x000002857cef3fb0, 0x000002857cea8260, 0x000002857ceaba20, 0x0000028514d2ed90,
0x0000028514d2fdf0, 0x0000028514d306b0, 0x0000028514d32450, 0x0000028514d60e30,
0x0000028514d63ee0, 0x0000028514d77750, 0x0000028514df0060, 0x00000285150574f0,
0x000002851647fdf0, 0x00000285164a8bb0, 0x00000285164a1910, 0x0000028515e8d070,
0x0000028515f022d0, 0x0000028515cdd760, 0x0000028515fffb30, 0x0000028516001ce0,
0x0000028516001340, 0x0000028515ffe320, 0x0000028515fff660, 0x0000028516001810,
0x0000028515ffe7f0, 0x0000028516000000, 0x00000285160004d0, 0x00000285160009a0,
0x0000028525ad69c0, 0x0000028525adb1f0, 0x0000028525ada850, 0x0000028525ad7360,
0x0000028525adad20, 0x0000028525ad7d00, 0x0000028525ad9510, 0x00000285197af660,
0x00000285177ea830, 0x0000028525adb6c0, 0x0000028525ad86a0
}

Java Threads: ( => current thread )
  0x000002857cef3fb0 JavaThread "main" [_thread_blocked, id=12720, stack(0x000000c26c700000,0x000000c26c800000)]
  0x000002857cea8260 JavaThread "Reference Handler" daemon [_thread_blocked, id=15432, stack(0x000000c26ca00000,0x000000c26cb00000)]
  0x000002857ceaba20 JavaThread "Finalizer" daemon [_thread_blocked, id=1672, stack(0x000000c26cb00000,0x000000c26cc00000)]
  0x0000028514d2ed90 JavaThread "Signal Dispatcher" daemon [_thread_blocked, id=5972, stack(0x000000c26cc00000,0x000000c26cd00000)]
  0x0000028514d2fdf0 JavaThread "Attach Listener" daemon [_thread_blocked, id=8616, stack(0x000000c26cd00000,0x000000c26ce00000)]
  0x0000028514d306b0 JavaThread "Service Thread" daemon [_thread_blocked, id=1924, stack(0x000000c26ce00000,0x000000c26cf00000)]
  0x0000028514d32450 JavaThread "Monitor Deflation Thread" daemon [_thread_blocked, id=13800, stack(0x000000c26cf00000,0x000000c26d000000)]
  0x0000028514d60e30 JavaThread "C2 CompilerThread0" daemon [_thread_in_native, id=11740, stack(0x000000c26d000000,0x000000c26d100000)]
  0x0000028514d63ee0 JavaThread "C1 CompilerThread0" daemon [_thread_blocked, id=17140, stack(0x000000c26d100000,0x000000c26d200000)]
  0x0000028514d77750 JavaThread "Sweeper thread" daemon [_thread_blocked, id=14908, stack(0x000000c26d200000,0x000000c26d300000)]
  0x0000028514df0060 JavaThread "Common-Cleaner" daemon [_thread_blocked, id=7464, stack(0x000000c26d300000,0x000000c26d400000)]
  0x00000285150574f0 JavaThread "Notification Thread" daemon [_thread_blocked, id=12824, stack(0x000000c26d400000,0x000000c26d500000)]
  0x000002851647fdf0 JavaThread "Active Thread: Equinox Container: 6475feb0-ad2e-40ad-929c-e4292a68e46c" [_thread_blocked, id=11120, stack(0x000000c26dd00000,0x000000c26de00000)]
  0x00000285164a8bb0 JavaThread "Framework Event Dispatcher: Equinox Container: 6475feb0-ad2e-40ad-929c-e4292a68e46c" daemon [_thread_blocked, id=15304, stack(0x000000c26dc00000,0x000000c26dd00000)]
  0x00000285164a1910 JavaThread "Start Level: Equinox Container: 6475feb0-ad2e-40ad-929c-e4292a68e46c" daemon [_thread_blocked, id=7816, stack(0x000000c26de00000,0x000000c26df00000)]
  0x0000028515e8d070 JavaThread "SCR Component Actor" daemon [_thread_blocked, id=17092, stack(0x000000c26df00000,0x000000c26e000000)]
  0x0000028515f022d0 JavaThread "Worker-JM" [_thread_blocked, id=12332, stack(0x000000c26e200000,0x000000c26e300000)]
  0x0000028515cdd760 JavaThread "Worker-0: Initialize Workspace" [_thread_blocked, id=15972, stack(0x000000c26e400000,0x000000c26e500000)]
  0x0000028515fffb30 JavaThread "Worker-1" [_thread_blocked, id=11184, stack(0x000000c26e500000,0x000000c26e600000)]
  0x0000028516001ce0 JavaThread "Java indexing" daemon [_thread_blocked, id=11680, stack(0x000000c26e600000,0x000000c26e700000)]
  0x0000028516001340 JavaThread "Worker-2" [_thread_blocked, id=14356, stack(0x000000c26e700000,0x000000c26e800000)]
  0x0000028515ffe320 JavaThread "JNA Cleaner" daemon [_thread_blocked, id=6996, stack(0x000000c26e300000,0x000000c26e400000)]
  0x0000028515fff660 JavaThread "pool-2-thread-1" [_thread_blocked, id=10280, stack(0x000000c26e800000,0x000000c26e900000)]
  0x0000028516001810 JavaThread "pool-1-thread-1" [_thread_blocked, id=15028, stack(0x000000c26ea00000,0x000000c26eb00000)]
  0x0000028515ffe7f0 JavaThread "Worker-3: Initialize workspace" [_thread_in_native, id=6876, stack(0x000000c26eb00000,0x000000c26ec00000)]
  0x0000028516000000 JavaThread "Worker-4" [_thread_blocked, id=8336, stack(0x000000c26ec00000,0x000000c26ed00000)]
  0x00000285160004d0 JavaThread "ForkJoinPool.commonPool-worker-1" daemon [_thread_in_Java, id=15488, stack(0x000000c26ed00000,0x000000c26ee00000)]
  0x00000285160009a0 JavaThread "Worker-5" [_thread_blocked, id=8160, stack(0x000000c26ee00000,0x000000c26ef00000)]
  0x0000028525ad69c0 JavaThread "ForkJoinPool.commonPool-worker-2" daemon [_thread_blocked, id=16664, stack(0x000000c26e900000,0x000000c26ea00000)]
  0x0000028525adb1f0 JavaThread "ForkJoinPool.commonPool-worker-3" daemon [_thread_blocked, id=13272, stack(0x000000c26ef00000,0x000000c26f000000)]
  0x0000028525ada850 JavaThread "ForkJoinPool.commonPool-worker-4" daemon [_thread_blocked, id=17296, stack(0x000000c26f000000,0x000000c26f100000)]
  0x0000028525ad7360 JavaThread "ForkJoinPool.commonPool-worker-5" daemon [_thread_blocked, id=8692, stack(0x000000c26f100000,0x000000c26f200000)]
  0x0000028525adad20 JavaThread "ForkJoinPool.commonPool-worker-6" daemon [_thread_blocked, id=3108, stack(0x000000c26f200000,0x000000c26f300000)]
  0x0000028525ad7d00 JavaThread "ForkJoinPool.commonPool-worker-7" daemon [_thread_blocked, id=13216, stack(0x000000c26f300000,0x000000c26f400000)]
  0x0000028525ad9510 JavaThread "Bundle File Closer" daemon [_thread_blocked, id=17316, stack(0x000000c26f400000,0x000000c26f500000)]
=>0x00000285197af660 JavaThread "C2 CompilerThread1" daemon [_thread_in_native, id=13388, stack(0x000000c26e100000,0x000000c26e200000)]
  0x00000285177ea830 JavaThread "C2 CompilerThread2" daemon [_thread_in_native, id=16996, stack(0x000000c26f500000,0x000000c26f600000)]
  0x0000028525adb6c0 JavaThread "Worker-6" [_thread_blocked, id=15444, stack(0x000000c26f800000,0x000000c26f900000)]
  0x0000028525ad86a0 JavaThread "SCR Component Registry" daemon [_thread_blocked, id=2456, stack(0x000000c26f900000,0x000000c26fa00000)]

Other Threads:
  0x0000028514d20c20 VMThread "VM Thread" [stack: 0x000000c26c900000,0x000000c26ca00000] [id=12980]
  0x00000285150579c0 WatcherThread [stack: 0x000000c26d500000,0x000000c26d600000] [id=4460]
  0x000002857cf0b1e0 GCTaskThread "GC Thread#0" [stack: 0x000000c26c800000,0x000000c26c900000] [id=3272]
  0x0000028515d226b0 GCTaskThread "GC Thread#1" [stack: 0x000000c26d600000,0x000000c26d700000] [id=7636]
  0x00000285172b24e0 GCTaskThread "GC Thread#2" [stack: 0x000000c26d700000,0x000000c26d800000] [id=14392]
  0x00000285172b2790 GCTaskThread "GC Thread#3" [stack: 0x000000c26d800000,0x000000c26d900000] [id=6068]
  0x0000028517034d20 GCTaskThread "GC Thread#4" [stack: 0x000000c26d900000,0x000000c26da00000] [id=6544]
  0x0000028517034fd0 GCTaskThread "GC Thread#5" [stack: 0x000000c26da00000,0x000000c26db00000] [id=8128]
  0x000002851620adc0 GCTaskThread "GC Thread#6" [stack: 0x000000c26db00000,0x000000c26dc00000] [id=17172]
  0x00000285170ccda0 GCTaskThread "GC Thread#7" [stack: 0x000000c26e000000,0x000000c26e100000] [id=6128]

Threads with active compile tasks:
C2 CompilerThread0    55625 10493   !   4       org.eclipse.jdt.internal.core.JarPackageFragmentRoot::computeChildren (624 bytes)
C2 CompilerThread1    55625 10548       4       org.eclipse.jdt.internal.compiler.parser.Parser::consumeRule (7834 bytes)
C2 CompilerThread2    55626 10566       4       org.eclipse.jdt.internal.compiler.util.CharDelegateMap::put (44 bytes)

VM state: not at safepoint (normal execution)

VM Mutex/Monitor currently owned by a thread: None

Heap address: 0x0000000080000000, size: 2048 MB, Compressed Oops mode: 32-bit

CDS archive(s) not mapped
Compressed class space mapped at: 0x0000000100000000-0x0000000140000000, reserved size: 1073741824
Narrow klass base: 0x0000000000000000, Narrow klass shift: 3, Narrow klass range: 0x140000000

GC Precious Log:
 CPUs: 8 total, 8 available
 Memory: 14274M
 Large Page Support: Disabled
 NUMA Support: Disabled
 Compressed Oops: Enabled (32-bit)
 Alignments: Space 512K, Generation 512K, Heap 2M
 Heap Min Capacity: 100M
 Heap Initial Capacity: 100M
 Heap Max Capacity: 2G
 Pre-touch: Disabled
 Parallel Workers: 8

Heap:
 PSYoungGen      total 16384K, used 15138K [0x00000000d5580000, 0x00000000d6c00000, 0x0000000100000000)
  eden space 13824K, 91% used [0x00000000d5580000,0x00000000d61cc740,0x00000000d6300000)
  from space 2560K, 99% used [0x00000000d6300000,0x00000000d657c3a0,0x00000000d6580000)
  to   space 4608K, 0% used [0x00000000d6780000,0x00000000d6780000,0x00000000d6c00000)
 ParOldGen       total 87552K, used 85932K [0x0000000080000000, 0x0000000085580000, 0x00000000d5580000)
  object space 87552K, 98% used [0x0000000080000000,0x00000000853eb1d8,0x0000000085580000)
 Metaspace       used 65839K, committed 67072K, reserved 1114112K
  class space    used 6782K, committed 7296K, reserved 1048576K

Card table byte_map: [0x000002857c8a0000,0x000002857ccb0000] _byte_map_base: 0x000002857c4a0000

Marking Bits: (ParMarkBitMap*) 0x00007ff8c1640dd0
 Begin Bits: [0x000002850f000000, 0x0000028511000000)
 End Bits:   [0x0000028511000000, 0x0000028513000000)

Polling page: 0x000002857ae60000

Metaspace:

Usage:
  Non-class:     57.67 MB used.
      Class:      6.62 MB used.
       Both:     64.30 MB used.

Virtual space:
  Non-class space:       64.00 MB reserved,      58.38 MB ( 91%) committed,  8 nodes.
      Class space:        1.00 GB reserved,       7.12 MB ( <1%) committed,  1 nodes.
             Both:        1.06 GB reserved,      65.50 MB (  6%) committed. 

Chunk freelists:
   Non-Class:  1.23 MB
       Class:  784.00 KB
        Both:  2.00 MB

MaxMetaspaceSize: unlimited
CompressedClassSpaceSize: 1.00 GB
Initial GC threshold: 21.00 MB
Current GC threshold: 106.25 MB
CDS: off
MetaspaceReclaimPolicy: balanced
 - commit_granule_bytes: 65536.
 - commit_granule_words: 8192.
 - virtual_space_node_default_size: 1048576.
 - enlarge_chunks_in_place: 1.
 - new_chunks_are_fully_committed: 0.
 - uncommit_free_chunks: 1.
 - use_allocation_guard: 0.
 - handle_deallocations: 1.


Internal statistics:

num_allocs_failed_limit: 9.
num_arena_births: 772.
num_arena_deaths: 18.
num_vsnodes_births: 9.
num_vsnodes_deaths: 0.
num_space_committed: 1048.
num_space_uncommitted: 0.
num_chunks_returned_to_freelist: 27.
num_chunks_taken_from_freelist: 3400.
num_chunk_merges: 13.
num_chunk_splits: 2150.
num_chunks_enlarged: 1311.
num_purges: 4.
num_inconsistent_stats: 0.

CodeHeap 'non-profiled nmethods': size=120000Kb used=6089Kb max_used=6089Kb free=113910Kb
 bounds [0x0000028507ad0000, 0x00000285080d0000, 0x000002850f000000]
CodeHeap 'profiled nmethods': size=120000Kb used=20513Kb max_used=20513Kb free=99486Kb
 bounds [0x00000285005a0000, 0x00000285019b0000, 0x0000028507ad0000]
CodeHeap 'non-nmethods': size=5760Kb used=1343Kb max_used=1441Kb free=4416Kb
 bounds [0x0000028500000000, 0x0000028500270000, 0x00000285005a0000]
 total_blobs=9803 nmethods=9117 adapters=598
 compilation: enabled
              stopped_count=0, restarted_count=0
 full_count=0

Compilation events (20 events):
Event: 55.497 Thread 0x0000028514d63ee0 10583       3       java.util.stream.ReduceOps$4ReducingSink::begin (14 bytes)
Event: 55.497 Thread 0x0000028514d63ee0 nmethod 10583 0x000002850199c610 code [0x000002850199c7c0, 0x000002850199c9a8]
Event: 55.497 Thread 0x0000028514d63ee0 10584       3       org.eclipse.jdt.internal.compiler.lookup.ModuleBinding$$Lambda$347/0x00000001006c4a20::get (8 bytes)
Event: 55.498 Thread 0x0000028514d63ee0 nmethod 10584 0x000002850199ca90 code [0x000002850199cc60, 0x000002850199d0d8]
Event: 55.500 Thread 0x0000028514d63ee0 10585       3       org.eclipse.jdt.internal.compiler.classfmt.FieldInfo::readConstantAttribute (459 bytes)
Event: 55.505 Thread 0x0000028514d63ee0 nmethod 10585 0x000002850199d290 code [0x000002850199d6c0, 0x000002850199ffe8]
Event: 55.508 Thread 0x0000028514d63ee0 10586       3       org.eclipse.jdt.internal.compiler.lookup.LookupEnvironment::getCachedType0 (112 bytes)
Event: 55.510 Thread 0x0000028514d63ee0 nmethod 10586 0x00000285019a0c90 code [0x00000285019a0f20, 0x00000285019a1db8]
Event: 55.510 Thread 0x0000028514d63ee0 10587       3       org.eclipse.jdt.internal.compiler.lookup.LookupEnvironment::getTypeFromSignature (376 bytes)
Event: 55.512 Thread 0x0000028514d63ee0 nmethod 10587 0x00000285019a2290 code [0x00000285019a2540, 0x00000285019a35e8]
Event: 55.512 Thread 0x0000028514d63ee0 10588       3       org.eclipse.jdt.internal.compiler.classfmt.MethodInfo::decodeAnnotations (69 bytes)
Event: 55.513 Thread 0x0000028514d63ee0 nmethod 10588 0x00000285019a3a90 code [0x00000285019a3c60, 0x00000285019a4108]
Event: 55.513 Thread 0x0000028514d63ee0 10589       3       org.eclipse.jdt.internal.compiler.classfmt.InnerClassInfo::<init> (55 bytes)
Event: 55.514 Thread 0x0000028514d63ee0 nmethod 10589 0x00000285019a4310 code [0x00000285019a44e0, 0x00000285019a4a98]
Event: 55.515 Thread 0x0000028514d63ee0 10591       3       org.eclipse.jdt.internal.compiler.lookup.TypeSystem::getWildcard (427 bytes)
Event: 55.518 Thread 0x0000028514d63ee0 nmethod 10591 0x00000285019a4d10 code [0x00000285019a5080, 0x00000285019a7128]
Event: 55.519 Thread 0x0000028514d63ee0 10592       3       org.eclipse.jdt.internal.compiler.lookup.WildcardBinding::<init> (93 bytes)
Event: 55.520 Thread 0x0000028514d63ee0 nmethod 10592 0x00000285019a7a90 code [0x00000285019a7ca0, 0x00000285019a84e8]
Event: 55.529 Thread 0x00000285177ea830 nmethod 10508 0x00000285080b9110 code [0x00000285080b9480, 0x00000285080bcf18]
Event: 55.530 Thread 0x00000285177ea830 10590       4       org.eclipse.jdt.internal.compiler.lookup.SplitPackageBinding::getIncarnation (44 bytes)

GC Heap History (20 events):
Event: 51.759 GC heap before
{Heap before GC invocations=67 (full 3):
 PSYoungGen      total 16896K, used 16692K [0x00000000d5580000, 0x00000000d6780000, 0x0000000100000000)
  eden space 15360K, 100% used [0x00000000d5580000,0x00000000d6480000,0x00000000d6480000)
  from space 1536K, 86% used [0x00000000d6480000,0x00000000d65cd200,0x00000000d6600000)
  to   space 1536K, 0% used [0x00000000d6600000,0x00000000d6600000,0x00000000d6780000)
 ParOldGen       total 68608K, used 66077K [0x0000000080000000, 0x0000000084300000, 0x00000000d5580000)
  object space 68608K, 96% used [0x0000000080000000,0x00000000840877c8,0x0000000084300000)
 Metaspace       used 64009K, committed 65216K, reserved 1114112K
  class space    used 6592K, committed 7104K, reserved 1048576K
}
Event: 51.763 GC heap after
{Heap after GC invocations=67 (full 3):
 PSYoungGen      total 16896K, used 864K [0x00000000d5580000, 0x00000000d6780000, 0x0000000100000000)
  eden space 15360K, 0% used [0x00000000d5580000,0x00000000d5580000,0x00000000d6480000)
  from space 1536K, 56% used [0x00000000d6600000,0x00000000d66d8000,0x00000000d6780000)
  to   space 1536K, 0% used [0x00000000d6480000,0x00000000d6480000,0x00000000d6600000)
 ParOldGen       total 68608K, used 67250K [0x0000000080000000, 0x0000000084300000, 0x00000000d5580000)
  object space 68608K, 98% used [0x0000000080000000,0x00000000841ac978,0x0000000084300000)
 Metaspace       used 64009K, committed 65216K, reserved 1114112K
  class space    used 6592K, committed 7104K, reserved 1048576K
}
Event: 51.832 GC heap before
{Heap before GC invocations=68 (full 3):
 PSYoungGen      total 16896K, used 16224K [0x00000000d5580000, 0x00000000d6780000, 0x0000000100000000)
  eden space 15360K, 100% used [0x00000000d5580000,0x00000000d6480000,0x00000000d6480000)
  from space 1536K, 56% used [0x00000000d6600000,0x00000000d66d8000,0x00000000d6780000)
  to   space 1536K, 0% used [0x00000000d6480000,0x00000000d6480000,0x00000000d6600000)
 ParOldGen       total 68608K, used 67250K [0x0000000080000000, 0x0000000084300000, 0x00000000d5580000)
  object space 68608K, 98% used [0x0000000080000000,0x00000000841ac978,0x0000000084300000)
 Metaspace       used 64046K, committed 65280K, reserved 1114112K
  class space    used 6593K, committed 7168K, reserved 1048576K
}
Event: 51.835 GC heap after
{Heap after GC invocations=68 (full 3):
 PSYoungGen      total 16384K, used 756K [0x00000000d5580000, 0x00000000d6680000, 0x0000000100000000)
  eden space 15360K, 0% used [0x00000000d5580000,0x00000000d5580000,0x00000000d6480000)
  from space 1024K, 73% used [0x00000000d6480000,0x00000000d653d200,0x00000000d6580000)
  to   space 1024K, 0% used [0x00000000d6580000,0x00000000d6580000,0x00000000d6680000)
 ParOldGen       total 68608K, used 67990K [0x0000000080000000, 0x0000000084300000, 0x00000000d5580000)
  object space 68608K, 99% used [0x0000000080000000,0x0000000084265bf8,0x0000000084300000)
 Metaspace       used 64046K, committed 65280K, reserved 1114112K
  class space    used 6593K, committed 7168K, reserved 1048576K
}
Event: 51.836 GC heap before
{Heap before GC invocations=69 (full 4):
 PSYoungGen      total 16384K, used 756K [0x00000000d5580000, 0x00000000d6680000, 0x0000000100000000)
  eden space 15360K, 0% used [0x00000000d5580000,0x00000000d5580000,0x00000000d6480000)
  from space 1024K, 73% used [0x00000000d6480000,0x00000000d653d200,0x00000000d6580000)
  to   space 1024K, 0% used [0x00000000d6580000,0x00000000d6580000,0x00000000d6680000)
 ParOldGen       total 68608K, used 67990K [0x0000000080000000, 0x0000000084300000, 0x00000000d5580000)
  object space 68608K, 99% used [0x0000000080000000,0x0000000084265bf8,0x0000000084300000)
 Metaspace       used 64046K, committed 65280K, reserved 1114112K
  class space    used 6593K, committed 7168K, reserved 1048576K
}
Event: 51.982 GC heap after
{Heap after GC invocations=69 (full 4):
 PSYoungGen      total 16384K, used 0K [0x00000000d5580000, 0x00000000d6680000, 0x0000000100000000)
  eden space 15360K, 0% used [0x00000000d5580000,0x00000000d5580000,0x00000000d6480000)
  from space 1024K, 0% used [0x00000000d6580000,0x00000000d6580000,0x00000000d6680000)
  to   space 1024K, 0% used [0x00000000d6480000,0x00000000d6480000,0x00000000d6580000)
 ParOldGen       total 75776K, used 49500K [0x0000000080000000, 0x0000000084a00000, 0x00000000d5580000)
  object space 75776K, 65% used [0x0000000080000000,0x0000000083057170,0x0000000084a00000)
 Metaspace       used 64042K, committed 65280K, reserved 1114112K
  class space    used 6592K, committed 7168K, reserved 1048576K
}
Event: 52.134 GC heap before
{Heap before GC invocations=70 (full 4):
 PSYoungGen      total 16384K, used 15360K [0x00000000d5580000, 0x00000000d6680000, 0x0000000100000000)
  eden space 15360K, 100% used [0x00000000d5580000,0x00000000d6480000,0x00000000d6480000)
  from space 1024K, 0% used [0x00000000d6580000,0x00000000d6580000,0x00000000d6680000)
  to   space 1024K, 0% used [0x00000000d6480000,0x00000000d6480000,0x00000000d6580000)
 ParOldGen       total 75776K, used 49500K [0x0000000080000000, 0x0000000084a00000, 0x00000000d5580000)
  object space 75776K, 65% used [0x0000000080000000,0x0000000083057170,0x0000000084a00000)
 Metaspace       used 64087K, committed 65344K, reserved 1114112K
  class space    used 6595K, committed 7168K, reserved 1048576K
}
Event: 52.136 GC heap after
{Heap after GC invocations=70 (full 4):
 PSYoungGen      total 16384K, used 1024K [0x00000000d5580000, 0x00000000d6780000, 0x0000000100000000)
  eden space 15360K, 0% used [0x00000000d5580000,0x00000000d5580000,0x00000000d6480000)
  from space 1024K, 100% used [0x00000000d6480000,0x00000000d6580000,0x00000000d6580000)
  to   space 1536K, 0% used [0x00000000d6600000,0x00000000d6600000,0x00000000d6780000)
 ParOldGen       total 75776K, used 49696K [0x0000000080000000, 0x0000000084a00000, 0x00000000d5580000)
  object space 75776K, 65% used [0x0000000080000000,0x00000000830881a0,0x0000000084a00000)
 Metaspace       used 64087K, committed 65344K, reserved 1114112K
  class space    used 6595K, committed 7168K, reserved 1048576K
}
Event: 52.256 GC heap before
{Heap before GC invocations=71 (full 4):
 PSYoungGen      total 16384K, used 16384K [0x00000000d5580000, 0x00000000d6780000, 0x0000000100000000)
  eden space 15360K, 100% used [0x00000000d5580000,0x00000000d6480000,0x00000000d6480000)
  from space 1024K, 100% used [0x00000000d6480000,0x00000000d6580000,0x00000000d6580000)
  to   space 1536K, 0% used [0x00000000d6600000,0x00000000d6600000,0x00000000d6780000)
 ParOldGen       total 75776K, used 49696K [0x0000000080000000, 0x0000000084a00000, 0x00000000d5580000)
  object space 75776K, 65% used [0x0000000080000000,0x00000000830881a0,0x0000000084a00000)
 Metaspace       used 64105K, committed 65344K, reserved 1114112K
  class space    used 6596K, committed 7168K, reserved 1048576K
}
Event: 52.260 GC heap after
{Heap after GC invocations=71 (full 4):
 PSYoungGen      total 16896K, used 1098K [0x00000000d5580000, 0x00000000d6780000, 0x0000000100000000)
  eden space 15360K, 0% used [0x00000000d5580000,0x00000000d5580000,0x00000000d6480000)
  from space 1536K, 71% used [0x00000000d6600000,0x00000000d6712910,0x00000000d6780000)
  to   space 1536K, 0% used [0x00000000d6480000,0x00000000d6480000,0x00000000d6600000)
 ParOldGen       total 75776K, used 50752K [0x0000000080000000, 0x0000000084a00000, 0x00000000d5580000)
  object space 75776K, 66% used [0x0000000080000000,0x00000000831901c0,0x0000000084a00000)
 Metaspace       used 64105K, committed 65344K, reserved 1114112K
  class space    used 6596K, committed 7168K, reserved 1048576K
}
Event: 53.128 GC heap before
{Heap before GC invocations=72 (full 4):
 PSYoungGen      total 16896K, used 16457K [0x00000000d5580000, 0x00000000d6780000, 0x0000000100000000)
  eden space 15360K, 99% used [0x00000000d5580000,0x00000000d647feb0,0x00000000d6480000)
  from space 1536K, 71% used [0x00000000d6600000,0x00000000d6712910,0x00000000d6780000)
  to   space 1536K, 0% used [0x00000000d6480000,0x00000000d6480000,0x00000000d6600000)
 ParOldGen       total 87552K, used 81472K [0x0000000080000000, 0x0000000085580000, 0x00000000d5580000)
  object space 87552K, 93% used [0x0000000080000000,0x0000000084f901f0,0x0000000085580000)
 Metaspace       used 64387K, committed 65536K, reserved 1114112K
  class space    used 6629K, committed 7168K, reserved 1048576K
}
Event: 53.131 GC heap after
{Heap after GC invocations=72 (full 4):
 PSYoungGen      total 16384K, used 736K [0x00000000d5580000, 0x00000000d6680000, 0x0000000100000000)
  eden space 15360K, 0% used [0x00000000d5580000,0x00000000d5580000,0x00000000d6480000)
  from space 1024K, 71% used [0x00000000d6480000,0x00000000d6538000,0x00000000d6580000)
  to   space 1024K, 0% used [0x00000000d6580000,0x00000000d6580000,0x00000000d6680000)
 ParOldGen       total 87552K, used 82474K [0x0000000080000000, 0x0000000085580000, 0x00000000d5580000)
  object space 87552K, 94% used [0x0000000080000000,0x000000008508aa00,0x0000000085580000)
 Metaspace       used 64387K, committed 65536K, reserved 1114112K
  class space    used 6629K, committed 7168K, reserved 1048576K
}
Event: 53.631 GC heap before
{Heap before GC invocations=73 (full 4):
 PSYoungGen      total 16384K, used 16096K [0x00000000d5580000, 0x00000000d6680000, 0x0000000100000000)
  eden space 15360K, 100% used [0x00000000d5580000,0x00000000d6480000,0x00000000d6480000)
  from space 1024K, 71% used [0x00000000d6480000,0x00000000d6538000,0x00000000d6580000)
  to   space 1024K, 0% used [0x00000000d6580000,0x00000000d6580000,0x00000000d6680000)
 ParOldGen       total 87552K, used 82474K [0x0000000080000000, 0x0000000085580000, 0x00000000d5580000)
  object space 87552K, 94% used [0x0000000080000000,0x000000008508aa00,0x0000000085580000)
 Metaspace       used 64515K, committed 65728K, reserved 1114112K
  class space    used 6631K, committed 7168K, reserved 1048576K
}
Event: 53.634 GC heap after
{Heap after GC invocations=73 (full 4):
 PSYoungGen      total 16384K, used 448K [0x00000000d5580000, 0x00000000d6680000, 0x0000000100000000)
  eden space 15360K, 0% used [0x00000000d5580000,0x00000000d5580000,0x00000000d6480000)
  from space 1024K, 43% used [0x00000000d6580000,0x00000000d65f0000,0x00000000d6680000)
  to   space 1024K, 0% used [0x00000000d6480000,0x00000000d6480000,0x00000000d6580000)
 ParOldGen       total 87552K, used 83140K [0x0000000080000000, 0x0000000085580000, 0x00000000d5580000)
  object space 87552K, 94% used [0x0000000080000000,0x0000000085131330,0x0000000085580000)
 Metaspace       used 64515K, committed 65728K, reserved 1114112K
  class space    used 6631K, committed 7168K, reserved 1048576K
}
Event: 54.232 GC heap before
{Heap before GC invocations=74 (full 4):
 PSYoungGen      total 16384K, used 15808K [0x00000000d5580000, 0x00000000d6680000, 0x0000000100000000)
  eden space 15360K, 100% used [0x00000000d5580000,0x00000000d6480000,0x00000000d6480000)
  from space 1024K, 43% used [0x00000000d6580000,0x00000000d65f0000,0x00000000d6680000)
  to   space 1024K, 0% used [0x00000000d6480000,0x00000000d6480000,0x00000000d6580000)
 ParOldGen       total 87552K, used 83140K [0x0000000080000000, 0x0000000085580000, 0x00000000d5580000)
  object space 87552K, 94% used [0x0000000080000000,0x0000000085131330,0x0000000085580000)
 Metaspace       used 65323K, committed 66560K, reserved 1114112K
  class space    used 6716K, committed 7232K, reserved 1048576K
}
Event: 54.237 GC heap after
{Heap after GC invocations=74 (full 4):
 PSYoungGen      total 16384K, used 865K [0x00000000d5580000, 0x00000000d6680000, 0x0000000100000000)
  eden space 15360K, 0% used [0x00000000d5580000,0x00000000d5580000,0x00000000d6480000)
  from space 1024K, 84% used [0x00000000d6480000,0x00000000d6558748,0x00000000d6580000)
  to   space 1024K, 0% used [0x00000000d6580000,0x00000000d6580000,0x00000000d6680000)
 ParOldGen       total 87552K, used 83468K [0x0000000080000000, 0x0000000085580000, 0x00000000d5580000)
  object space 87552K, 95% used [0x0000000080000000,0x00000000851831e0,0x0000000085580000)
 Metaspace       used 65323K, committed 66560K, reserved 1114112K
  class space    used 6716K, committed 7232K, reserved 1048576K
}
Event: 54.853 GC heap before
{Heap before GC invocations=75 (full 4):
 PSYoungGen      total 16384K, used 16225K [0x00000000d5580000, 0x00000000d6680000, 0x0000000100000000)
  eden space 15360K, 100% used [0x00000000d5580000,0x00000000d6480000,0x00000000d6480000)
  from space 1024K, 84% used [0x00000000d6480000,0x00000000d6558748,0x00000000d6580000)
  to   space 1024K, 0% used [0x00000000d6580000,0x00000000d6580000,0x00000000d6680000)
 ParOldGen       total 87552K, used 83468K [0x0000000080000000, 0x0000000085580000, 0x00000000d5580000)
  object space 87552K, 95% used [0x0000000080000000,0x00000000851831e0,0x0000000085580000)
 Metaspace       used 65709K, committed 66944K, reserved 1114112K
  class space    used 6755K, committed 7296K, reserved 1048576K
}
Event: 54.858 GC heap after
{Heap after GC invocations=75 (full 4):
 PSYoungGen      total 14848K, used 1015K [0x00000000d5580000, 0x00000000d6980000, 0x0000000100000000)
  eden space 13824K, 0% used [0x00000000d5580000,0x00000000d5580000,0x00000000d6300000)
  from space 1024K, 99% used [0x00000000d6580000,0x00000000d667de08,0x00000000d6680000)
  to   space 2560K, 0% used [0x00000000d6300000,0x00000000d6300000,0x00000000d6580000)
 ParOldGen       total 87552K, used 84607K [0x0000000080000000, 0x0000000085580000, 0x00000000d5580000)
  object space 87552K, 96% used [0x0000000080000000,0x000000008529fdb0,0x0000000085580000)
 Metaspace       used 65709K, committed 66944K, reserved 1114112K
  class space    used 6755K, committed 7296K, reserved 1048576K
}
Event: 55.050 GC heap before
{Heap before GC invocations=76 (full 4):
 PSYoungGen      total 14848K, used 14839K [0x00000000d5580000, 0x00000000d6980000, 0x0000000100000000)
  eden space 13824K, 100% used [0x00000000d5580000,0x00000000d6300000,0x00000000d6300000)
  from space 1024K, 99% used [0x00000000d6580000,0x00000000d667de08,0x00000000d6680000)
  to   space 2560K, 0% used [0x00000000d6300000,0x00000000d6300000,0x00000000d6580000)
 ParOldGen       total 87552K, used 84607K [0x0000000080000000, 0x0000000085580000, 0x00000000d5580000)
  object space 87552K, 96% used [0x0000000080000000,0x000000008529fdb0,0x0000000085580000)
 Metaspace       used 65709K, committed 66944K, reserved 1114112K
  class space    used 6755K, committed 7296K, reserved 1048576K
}
Event: 55.054 GC heap after
{Heap after GC invocations=76 (full 4):
 PSYoungGen      total 16384K, used 2544K [0x00000000d5580000, 0x00000000d6c00000, 0x0000000100000000)
  eden space 13824K, 0% used [0x00000000d5580000,0x00000000d5580000,0x00000000d6300000)
  from space 2560K, 99% used [0x00000000d6300000,0x00000000d657c3a0,0x00000000d6580000)
  to   space 4608K, 0% used [0x00000000d6780000,0x00000000d6780000,0x00000000d6c00000)
 ParOldGen       total 87552K, used 85932K [0x0000000080000000, 0x0000000085580000, 0x00000000d5580000)
  object space 87552K, 98% used [0x0000000080000000,0x00000000853eb1d8,0x0000000085580000)
 Metaspace       used 65709K, committed 66944K, reserved 1114112K
  class space    used 6755K, committed 7296K, reserved 1048576K
}

Dll operation events (10 events):
Event: 0.020 Loaded shared library c:\Users\acer\.vscode\extensions\redhat.java-1.13.0-win32-x64\jre\17.0.5-win32-x86_64\bin\java.dll
Event: 0.468 Loaded shared library c:\Users\acer\.vscode\extensions\redhat.java-1.13.0-win32-x64\jre\17.0.5-win32-x86_64\bin\zip.dll
Event: 0.478 Loaded shared library C:\Users\acer\.vscode\extensions\redhat.java-1.13.0-win32-x64\jre\17.0.5-win32-x86_64\bin\instrument.dll
Event: 0.520 Loaded shared library C:\Users\acer\.vscode\extensions\redhat.java-1.13.0-win32-x64\jre\17.0.5-win32-x86_64\bin\net.dll
Event: 0.526 Loaded shared library C:\Users\acer\.vscode\extensions\redhat.java-1.13.0-win32-x64\jre\17.0.5-win32-x86_64\bin\nio.dll
Event: 0.565 Loaded shared library C:\Users\acer\.vscode\extensions\redhat.java-1.13.0-win32-x64\jre\17.0.5-win32-x86_64\bin\zip.dll
Event: 0.614 Loaded shared library C:\Users\acer\.vscode\extensions\redhat.java-1.13.0-win32-x64\jre\17.0.5-win32-x86_64\bin\jimage.dll
Event: 0.747 Loaded shared library c:\Users\acer\.vscode\extensions\redhat.java-1.13.0-win32-x64\jre\17.0.5-win32-x86_64\bin\verify.dll
Event: 7.354 Loaded shared library C:\Users\acer\AppData\Roaming\Code\User\globalStorage\redhat.java\1.13.0\config_win\org.eclipse.equinox.launcher\org.eclipse.equinox.launcher.win32.win32.x86_64_1.2.600.v20220720-1916\eclipse_11700.dll
Event: 19.235 Loaded shared library C:\Users\acer\AppData\Local\Temp\jna-2988111\jna14860139036925216222.dll

Deoptimization events (20 events):
Event: 55.334 Thread 0x0000028516001810 Uncommon trap: trap_request=0xffffff45 fr.pc=0x0000028507c08a8c relative=0x000000000000028c
Event: 55.334 Thread 0x0000028516001810 Uncommon trap: reason=unstable_if action=reinterpret pc=0x0000028507c08a8c method=java.lang.AbstractStringBuilder.appendChars([CII)V @ 10 c2
Event: 55.334 Thread 0x0000028516001810 DEOPT PACKING pc=0x0000028507c08a8c sp=0x000000c26eafe5c0
Event: 55.334 Thread 0x0000028516001810 DEOPT UNPACKING pc=0x00000285000520a3 sp=0x000000c26eafe538 mode 2
Event: 55.335 Thread 0x0000028516001810 Uncommon trap: trap_request=0xffffff45 fr.pc=0x0000028507b51b10 relative=0x0000000000000370
Event: 55.335 Thread 0x0000028516001810 Uncommon trap: reason=unstable_if action=reinterpret pc=0x0000028507b51b10 method=java.lang.AbstractStringBuilder.isLatin1()Z @ 10 c2
Event: 55.335 Thread 0x0000028516001810 DEOPT PACKING pc=0x0000028507b51b10 sp=0x000000c26eafe660
Event: 55.335 Thread 0x0000028516001810 DEOPT UNPACKING pc=0x00000285000520a3 sp=0x000000c26eafe5e0 mode 2
Event: 55.360 Thread 0x00000285160004d0 Uncommon trap: trap_request=0xffffff45 fr.pc=0x0000028507e14cd8 relative=0x0000000000002538
Event: 55.360 Thread 0x00000285160004d0 Uncommon trap: reason=unstable_if action=reinterpret pc=0x0000028507e14cd8 method=lombok.core.configuration.FileSystemSourceCache.forUri(Ljava/net/URI;)Llombok/core/configuration/ConfigurationFile; @ 1 c2
Event: 55.360 Thread 0x00000285160004d0 DEOPT PACKING pc=0x0000028507e14cd8 sp=0x000000c26edfda30
Event: 55.360 Thread 0x00000285160004d0 DEOPT UNPACKING pc=0x00000285000520a3 sp=0x000000c26edfda10 mode 2
Event: 55.500 Thread 0x00000285160004d0 Uncommon trap: trap_request=0xffffff45 fr.pc=0x000002850806e1cc relative=0x0000000000007cac
Event: 55.500 Thread 0x00000285160004d0 Uncommon trap: reason=unstable_if action=reinterpret pc=0x000002850806e1cc method=org.eclipse.jdt.internal.compiler.lookup.PlainPackageBinding.getIncarnation(Lorg/eclipse/jdt/internal/compiler/lookup/ModuleBinding;)Lorg/eclipse/jdt/internal/compiler/looku
Event: 55.501 Thread 0x00000285160004d0 DEOPT PACKING pc=0x000002850806e1cc sp=0x000000c26edfc8e0
Event: 55.501 Thread 0x00000285160004d0 DEOPT UNPACKING pc=0x00000285000520a3 sp=0x000000c26edfc5a8 mode 2
Event: 55.502 Thread 0x00000285160004d0 Uncommon trap: trap_request=0xffffff45 fr.pc=0x0000028507c51404 relative=0x0000000000001984
Event: 55.502 Thread 0x00000285160004d0 Uncommon trap: reason=unstable_if action=reinterpret pc=0x0000028507c51404 method=org.eclipse.jdt.internal.compiler.lookup.PlainPackageBinding.getIncarnation(Lorg/eclipse/jdt/internal/compiler/lookup/ModuleBinding;)Lorg/eclipse/jdt/internal/compiler/looku
Event: 55.502 Thread 0x00000285160004d0 DEOPT PACKING pc=0x0000028507c51404 sp=0x000000c26edfcf80
Event: 55.502 Thread 0x00000285160004d0 DEOPT UNPACKING pc=0x00000285000520a3 sp=0x000000c26edfcea8 mode 2

Classes unloaded (9 events):
Event: 9.680 Thread 0x0000028514d20c20 Unloading class 0x0000000100219400 'java/lang/invoke/LambdaForm$MH+0x0000000100219400'
Event: 9.680 Thread 0x0000028514d20c20 Unloading class 0x0000000100219000 'java/lang/invoke/LambdaForm$MH+0x0000000100219000'
Event: 9.680 Thread 0x0000028514d20c20 Unloading class 0x0000000100218c00 'java/lang/invoke/LambdaForm$MH+0x0000000100218c00'
Event: 9.680 Thread 0x0000028514d20c20 Unloading class 0x0000000100218800 'java/lang/invoke/LambdaForm$MH+0x0000000100218800'
Event: 9.680 Thread 0x0000028514d20c20 Unloading class 0x0000000100218000 'java/lang/invoke/LambdaForm$BMH+0x0000000100218000'
Event: 9.680 Thread 0x0000028514d20c20 Unloading class 0x0000000100217c00 'java/lang/invoke/LambdaForm$DMH+0x0000000100217c00'
Event: 9.680 Thread 0x0000028514d20c20 Unloading class 0x0000000100215000 'java/lang/invoke/LambdaForm$DMH+0x0000000100215000'
Event: 51.870 Thread 0x0000028514d20c20 Unloading class 0x00000001006cc800 'java/lang/invoke/LambdaForm$DMH+0x00000001006cc800'
Event: 51.870 Thread 0x0000028514d20c20 Unloading class 0x00000001006cc000 'java/lang/invoke/LambdaForm$DMH+0x00000001006cc000'

Classes redefined (0 events):
No events

Internal exceptions (20 events):
Event: 44.979 Thread 0x0000028525ada850 Exception <a 'java/lang/ClassNotFoundException'{0x00000000d55840d0}: sun/util/logging/resources/spi/loggingProvider> (0x00000000d55840d0) 
thrown [s\src\hotspot\share\classfile\systemDictionary.cpp, line 256]
Event: 45.846 Thread 0x0000028525ad69c0 Exception <a 'java/lang/NoSuchMethodError'{0x00000000d5cca618}: 'int java.lang.invoke.DirectMethodHandle$Holder.invokeStatic(java.lang.Object, java.lang.Object, java.lang.Object, int)'> (0x00000000d5cca618) 
thrown [s\src\hotspot\share\interpreter\linkResolver.cpp, line 759]
Event: 46.119 Thread 0x0000028525ad69c0 Exception <a 'java/lang/NoSuchMethodError'{0x00000000d62b1f70}: 'int java.lang.invoke.DirectMethodHandle$Holder.invokeSpecialIFC(java.lang.Object, java.lang.Object, java.lang.Object)'> (0x00000000d62b1f70) 
thrown [s\src\hotspot\share\interpreter\linkResolver.cpp, line 759]
Event: 46.119 Thread 0x0000028516001340 Exception <a 'java/lang/NoSuchMethodError'{0x00000000d62bb860}: 'int java.lang.invoke.DirectMethodHandle$Holder.invokeSpecialIFC(java.lang.Object, java.lang.Object, java.lang.Object)'> (0x00000000d62bb860) 
thrown [s\src\hotspot\share\interpreter\linkResolver.cpp, line 759]
Event: 46.121 Thread 0x0000028525adb1f0 Exception <a 'java/lang/NoSuchMethodError'{0x00000000d6296018}: 'int java.lang.invoke.DirectMethodHandle$Holder.invokeSpecialIFC(java.lang.Object, java.lang.Object, java.lang.Object)'> (0x00000000d6296018) 
thrown [s\src\hotspot\share\interpreter\linkResolver.cpp, line 759]
Event: 46.544 Thread 0x0000028525ad69c0 Exception <a 'java/io/FileNotFoundException'{0x00000000d57e6200}> (0x00000000d57e6200) 
thrown [s\src\hotspot\share\prims\jni.cpp, line 516]
Event: 47.452 Thread 0x0000028525adb1f0 Implicit null exception at 0x0000028507f8b5ca to 0x0000028507f8b900
Event: 48.657 Thread 0x0000028525adb1f0 Exception <a 'java/lang/LinkageError'{0x00000000d5edd758}: loader lombok.launch.ShadowClassLoader @1e4a1d17 attempted duplicate class definition for lombok.launch.PatchFixesHider$ExtensionMethod. (lombok.launch.PatchFixesHider$ExtensionMethod is in unnamed module of loader lombok.launch.ShadowClassLoader @1e4a1d17, parent loader org.eclipse.osgi.internal.loader.EquinoxClassLoader @2ed6d515)> (0x00000000d5edd758) 
thrown [s\src\hotspot\share\classfile\systemDictionary.cpp, line 1722]
Event: 48.702 Thread 0x0000028525ad69c0 Exception <a 'java/lang/LinkageError'{0x00000000d61adc70}: loader lombok.launch.ShadowClassLoader @1e4a1d17 attempted duplicate class definition for lombok.launch.PatchFixesHider$Val. (lombok.launch.PatchFixesHider$Val is in unnamed module of loader lombok.launch.ShadowClassLoader @1e4a1d17, parent loader org.eclipse.osgi.internal.loader.EquinoxClassLoader @2ed6d515)> (0x00000000d61adc70) 
thrown [s\src\hotspot\share\classfile\systemDictionary.cpp, line 1722]
Event: 48.799 Thread 0x0000028516001340 Exception <a 'java/lang/NoSuchMethodError'{0x00000000d5a570e8}: 'int java.lang.invoke.DirectMethodHandle$Holder.invokeStatic(java.lang.Object, int, java.lang.Object)'> (0x00000000d5a570e8) 
thrown [s\src\hotspot\share\interpreter\linkResolver.cpp, line 759]
Event: 48.885 Thread 0x0000028516001340 Exception <a 'java/lang/LinkageError'{0x00000000d5d559a8}: loader lombok.launch.ShadowClassLoader @1e4a1d17 attempted duplicate class definition for lombok.eclipse.agent.PatchDiagnostics. (lombok.eclipse.agent.PatchDiagnostics is in unnamed module of loader lombok.launch.ShadowClassLoader @1e4a1d17, parent loader org.eclipse.osgi.internal.loader.EquinoxClassLoader @2ed6d515)> (0x00000000d5d559a8) 
thrown [s\src\hotspot\share\classfile\systemDictionary.cpp, line 1722]
Event: 48.902 Thread 0x0000028525adad20 Implicit null exception at 0x0000028507b894a4 to 0x0000028507b895c8
Event: 48.926 Thread 0x0000028516001340 Exception <a 'java/lang/LinkageError'{0x00000000d5fa90d8}: loader lombok.launch.ShadowClassLoader @1e4a1d17 attempted duplicate class definition for lombok.launch.PatchFixesHider$PatchFixes. (lombok.launch.PatchFixesHider$PatchFixes is in unnamed module of loader lombok.launch.ShadowClassLoader @1e4a1d17, parent loader org.eclipse.osgi.internal.loader.EquinoxClassLoader @2ed6d515)> (0x00000000d5fa90d8) 
thrown [s\src\hotspot\share\classfile\systemDictionary.cpp, line 1722]
Event: 53.119 Thread 0x0000028515ffe7f0 Implicit null exception at 0x000002850802926c to 0x000002850802fb10
Event: 53.120 Thread 0x0000028515ffe7f0 Implicit null exception at 0x0000028507efa6f5 to 0x0000028507efaa58
Event: 53.125 Thread 0x0000028515ffe7f0 Implicit null exception at 0x0000028507e9700b to 0x0000028507e98cc0
Event: 53.125 Thread 0x0000028515ffe7f0 Implicit null exception at 0x0000028507affef9 to 0x0000028507b00474
Event: 54.034 Thread 0x0000028515ffe7f0 Exception <a 'java/io/FileNotFoundException'{0x00000000d6155470}> (0x00000000d6155470) 
thrown [s\src\hotspot\share\prims\jni.cpp, line 516]
Event: 54.181 Thread 0x0000028515ffe7f0 Exception <a 'java/lang/NoSuchMethodError'{0x00000000d638f478}: 'void java.lang.invoke.DirectMethodHandle$Holder.invokeSpecial(java.lang.Object, java.lang.Object, java.lang.Object, java.lang.Object, java.lang.Object)'> (0x00000000d638f478) 
thrown [s\src\hotspot\share\interpreter\linkResolver.cpp, line 759]
Event: 54.698 Thread 0x00000285160004d0 Implicit null exception at 0x000002850808f41b to 0x000002850808f768

VM Operations (20 events):
Event: 52.133 Executing VM operation: ParallelGCFailedAllocation
Event: 52.136 Executing VM operation: ParallelGCFailedAllocation done
Event: 52.256 Executing VM operation: ParallelGCFailedAllocation
Event: 52.260 Executing VM operation: ParallelGCFailedAllocation done
Event: 53.112 Executing VM operation: HandshakeAllThreads
Event: 53.112 Executing VM operation: HandshakeAllThreads done
Event: 53.128 Executing VM operation: ParallelGCFailedAllocation
Event: 53.132 Executing VM operation: ParallelGCFailedAllocation done
Event: 53.631 Executing VM operation: ParallelGCFailedAllocation
Event: 53.634 Executing VM operation: ParallelGCFailedAllocation done
Event: 54.176 Executing VM operation: HandshakeAllThreads
Event: 54.177 Executing VM operation: HandshakeAllThreads done
Event: 54.232 Executing VM operation: ParallelGCFailedAllocation
Event: 54.244 Executing VM operation: ParallelGCFailedAllocation done
Event: 54.853 Executing VM operation: ParallelGCFailedAllocation
Event: 54.858 Executing VM operation: ParallelGCFailedAllocation done
Event: 55.049 Executing VM operation: ParallelGCFailedAllocation
Event: 55.054 Executing VM operation: ParallelGCFailedAllocation done
Event: 55.308 Executing VM operation: HandshakeAllThreads
Event: 55.308 Executing VM operation: HandshakeAllThreads done

Events (20 events):
Event: 51.248 Thread 0x0000028514d77750 flushing nmethod 0x00000285014ad310
Event: 53.043 loading class java/util/concurrent/ConcurrentHashMap$TreeBin
Event: 53.044 loading class java/util/concurrent/ConcurrentHashMap$TreeBin done
Event: 53.087 loading class java/util/function/ToIntFunction
Event: 53.087 loading class java/util/function/ToIntFunction done
Event: 53.088 loading class java/util/stream/ReferencePipeline$4
Event: 53.089 loading class java/util/stream/ReferencePipeline$4 done
Event: 53.091 loading class java/util/stream/Nodes$IntFixedNodeBuilder
Event: 53.091 loading class java/util/stream/Node$Builder$OfInt
Event: 53.091 loading class java/util/stream/Node$Builder$OfInt done
Event: 53.091 loading class java/util/stream/Nodes$IntArrayNode
Event: 53.092 loading class java/util/stream/Nodes$IntArrayNode done
Event: 53.092 loading class java/util/stream/Nodes$IntFixedNodeBuilder done
Event: 53.092 loading class java/util/stream/ReferencePipeline$4$1
Event: 53.094 loading class java/util/stream/ReferencePipeline$4$1 done
Event: 53.992 loading class java/util/Hashtable$KeySet
Event: 53.992 loading class java/util/Hashtable$KeySet done
Event: 54.080 Thread 0x0000028525ad86a0 Thread added: 0x0000028525ad86a0
Event: 55.385 loading class java/nio/file/Files$2
Event: 55.385 loading class java/nio/file/Files$2 done


Dynamic libraries:
0x00007ff6a3740000 - 0x00007ff6a374e000 	c:\Users\acer\.vscode\extensions\redhat.java-1.13.0-win32-x64\jre\17.0.5-win32-x86_64\bin\java.exe
0x00007ff91c340000 - 0x00007ff91c549000 	C:\WINDOWS\SYSTEM32\ntdll.dll
0x00007ff91acb0000 - 0x00007ff91ad6e000 	C:\WINDOWS\System32\KERNEL32.DLL
0x00007ff919d20000 - 0x00007ff91a09b000 	C:\WINDOWS\System32\KERNELBASE.dll
0x00007ff919c00000 - 0x00007ff919d11000 	C:\WINDOWS\System32\ucrtbase.dll
0x00007ff90c260000 - 0x00007ff90c277000 	c:\Users\acer\.vscode\extensions\redhat.java-1.13.0-win32-x64\jre\17.0.5-win32-x86_64\bin\jli.dll
0x00007ff90c240000 - 0x00007ff90c259000 	c:\Users\acer\.vscode\extensions\redhat.java-1.13.0-win32-x64\jre\17.0.5-win32-x86_64\bin\VCRUNTIME140.dll
0x00007ff91a6d0000 - 0x00007ff91a87d000 	C:\WINDOWS\System32\USER32.dll
0x00007ff90ff00000 - 0x00007ff9101a5000 	C:\WINDOWS\WinSxS\amd64_microsoft.windows.common-controls_6595b64144ccf1df_6.0.22000.120_none_9d947278b86cc467\COMCTL32.dll
0x00007ff91a190000 - 0x00007ff91a1b6000 	C:\WINDOWS\System32\win32u.dll
0x00007ff91c0e0000 - 0x00007ff91c183000 	C:\WINDOWS\System32\msvcrt.dll
0x00007ff91a330000 - 0x00007ff91a359000 	C:\WINDOWS\System32\GDI32.dll
0x00007ff919ae0000 - 0x00007ff919bf8000 	C:\WINDOWS\System32\gdi32full.dll
0x00007ff919a40000 - 0x00007ff919add000 	C:\WINDOWS\System32\msvcp_win.dll
0x00007ff91c2c0000 - 0x00007ff91c2f2000 	C:\WINDOWS\System32\IMM32.DLL
0x00007ff90c5d0000 - 0x00007ff90c5dc000 	c:\Users\acer\.vscode\extensions\redhat.java-1.13.0-win32-x64\jre\17.0.5-win32-x86_64\bin\vcruntime140_1.dll
0x00007ff8caf20000 - 0x00007ff8cafb1000 	c:\Users\acer\.vscode\extensions\redhat.java-1.13.0-win32-x64\jre\17.0.5-win32-x86_64\bin\msvcp140.dll
0x00007ff8c0ac0000 - 0x00007ff8c1704000 	c:\Users\acer\.vscode\extensions\redhat.java-1.13.0-win32-x64\jre\17.0.5-win32-x86_64\bin\server\jvm.dll
0x00007ff91a880000 - 0x00007ff91a92e000 	C:\WINDOWS\System32\ADVAPI32.dll
0x00007ff91c1b0000 - 0x00007ff91c24e000 	C:\WINDOWS\System32\sechost.dll
0x00007ff91be00000 - 0x00007ff91bf20000 	C:\WINDOWS\System32\RPCRT4.dll
0x00007ff9129c0000 - 0x00007ff9129f3000 	C:\WINDOWS\SYSTEM32\WINMM.dll
0x00007ff915640000 - 0x00007ff915649000 	C:\WINDOWS\SYSTEM32\WSOCK32.dll
0x00007ff912400000 - 0x00007ff91240a000 	C:\WINDOWS\SYSTEM32\VERSION.dll
0x00007ff91c250000 - 0x00007ff91c2bf000 	C:\WINDOWS\System32\WS2_32.dll
0x00007ff918860000 - 0x00007ff918878000 	C:\WINDOWS\SYSTEM32\kernel.appcore.dll
0x00007ff90bd80000 - 0x00007ff90bd8a000 	c:\Users\acer\.vscode\extensions\redhat.java-1.13.0-win32-x64\jre\17.0.5-win32-x86_64\bin\jimage.dll
0x00007ff90b420000 - 0x00007ff90b641000 	C:\WINDOWS\SYSTEM32\DBGHELP.DLL
0x00007ff90ab10000 - 0x00007ff90ab41000 	C:\WINDOWS\SYSTEM32\dbgcore.DLL
0x00007ff91a0a0000 - 0x00007ff91a11f000 	C:\WINDOWS\System32\bcryptPrimitives.dll
0x00007ff8ff330000 - 0x00007ff8ff33e000 	c:\Users\acer\.vscode\extensions\redhat.java-1.13.0-win32-x64\jre\17.0.5-win32-x86_64\bin\instrument.dll
0x00007ff8f1e70000 - 0x00007ff8f1e95000 	c:\Users\acer\.vscode\extensions\redhat.java-1.13.0-win32-x64\jre\17.0.5-win32-x86_64\bin\java.dll
0x00007ff90a490000 - 0x00007ff90a4a8000 	c:\Users\acer\.vscode\extensions\redhat.java-1.13.0-win32-x64\jre\17.0.5-win32-x86_64\bin\zip.dll
0x00007ff91b640000 - 0x00007ff91bdf7000 	C:\WINDOWS\System32\SHELL32.dll
0x00007ff9178c0000 - 0x00007ff918125000 	C:\WINDOWS\SYSTEM32\windows.storage.dll
0x00007ff91a930000 - 0x00007ff91aca8000 	C:\WINDOWS\System32\combase.dll
0x00007ff917750000 - 0x00007ff9178b6000 	C:\WINDOWS\SYSTEM32\wintypes.dll
0x00007ff91ad70000 - 0x00007ff91ae5a000 	C:\WINDOWS\System32\SHCORE.dll
0x00007ff91a360000 - 0x00007ff91a3bd000 	C:\WINDOWS\System32\shlwapi.dll
0x00007ff919740000 - 0x00007ff919761000 	C:\WINDOWS\SYSTEM32\profapi.dll
0x00007ff8ff160000 - 0x00007ff8ff179000 	C:\Users\acer\.vscode\extensions\redhat.java-1.13.0-win32-x64\jre\17.0.5-win32-x86_64\bin\net.dll
0x00007ff912570000 - 0x00007ff912684000 	C:\WINDOWS\SYSTEM32\WINHTTP.dll
0x00007ff918d30000 - 0x00007ff918d97000 	C:\WINDOWS\system32\mswsock.dll
0x00007ff8f8070000 - 0x00007ff8f8085000 	C:\Users\acer\.vscode\extensions\redhat.java-1.13.0-win32-x64\jre\17.0.5-win32-x86_64\bin\nio.dll
0x00007ff8ff320000 - 0x00007ff8ff330000 	c:\Users\acer\.vscode\extensions\redhat.java-1.13.0-win32-x64\jre\17.0.5-win32-x86_64\bin\verify.dll
0x00007ff8f15d0000 - 0x00007ff8f160e000 	C:\Users\acer\AppData\Roaming\Code\User\globalStorage\redhat.java\1.13.0\config_win\org.eclipse.equinox.launcher\org.eclipse.equinox.launcher.win32.win32.x86_64_1.2.600.v20220720-1916\eclipse_11700.dll
0x00007ff91ae60000 - 0x00007ff91affa000 	C:\WINDOWS\System32\ole32.dll
0x00007ff918f70000 - 0x00007ff918f88000 	C:\WINDOWS\SYSTEM32\CRYPTSP.dll
0x00007ff9187c0000 - 0x00007ff9187f5000 	C:\WINDOWS\system32\rsaenh.dll
0x00007ff918e20000 - 0x00007ff918e49000 	C:\WINDOWS\SYSTEM32\USERENV.dll
0x00007ff9190f0000 - 0x00007ff919117000 	C:\WINDOWS\SYSTEM32\bcrypt.dll
0x00007ff919500000 - 0x00007ff91950c000 	C:\WINDOWS\SYSTEM32\CRYPTBASE.dll
0x00007ff918370000 - 0x00007ff91839d000 	C:\WINDOWS\SYSTEM32\IPHLPAPI.DLL
0x00007ff91b060000 - 0x00007ff91b069000 	C:\WINDOWS\System32\NSI.dll
0x00007ff912d60000 - 0x00007ff912d79000 	C:\WINDOWS\SYSTEM32\dhcpcsvc6.DLL
0x00007ff912e20000 - 0x00007ff912e3e000 	C:\WINDOWS\SYSTEM32\dhcpcsvc.DLL
0x00007ff9183a0000 - 0x00007ff918488000 	C:\WINDOWS\SYSTEM32\DNSAPI.dll
0x00007ff8efc60000 - 0x00007ff8efca0000 	C:\Users\acer\AppData\Local\Temp\jna-2988111\jna14860139036925216222.dll
0x00007ff91b070000 - 0x00007ff91b078000 	C:\WINDOWS\System32\PSAPI.DLL

dbghelp: loaded successfully - version: 4.0.5 - missing functions: none
symbol engine: initialized successfully - sym options: 0x614 - pdb path: .;c:\Users\acer\.vscode\extensions\redhat.java-1.13.0-win32-x64\jre\17.0.5-win32-x86_64\bin;C:\WINDOWS\SYSTEM32;C:\WINDOWS\WinSxS\amd64_microsoft.windows.common-controls_6595b64144ccf1df_6.0.22000.120_none_9d947278b86cc467;c:\Users\acer\.vscode\extensions\redhat.java-1.13.0-win32-x64\jre\17.0.5-win32-x86_64\bin\server;C:\Users\acer\AppData\Roaming\Code\User\globalStorage\redhat.java\1.13.0\config_win\org.eclipse.equinox.launcher\org.eclipse.equinox.launcher.win32.win32.x86_64_1.2.600.v20220720-1916;C:\Users\acer\AppData\Local\Temp\jna-2988111

VM Arguments:
jvm_args: --add-modules=ALL-SYSTEM --add-opens=java.base/java.util=ALL-UNNAMED --add-opens=java.base/java.lang=ALL-UNNAMED --add-opens=java.base/sun.nio.fs=ALL-UNNAMED -Declipse.application=org.eclipse.jdt.ls.core.id1 -Dosgi.bundles.defaultStartLevel=4 -Declipse.product=org.eclipse.jdt.ls.core.product -Djava.import.generatesMetadataFilesAtProjectRoot=false -Dfile.encoding=utf8 -XX:+UseParallelGC -XX:GCTimeRatio=4 -XX:AdaptiveSizePolicyWeight=90 -Dsun.zip.disableMemoryMapping=true -Xmx2G -Xms100m -Xlog:disable -javaagent:c:\Users\acer\.vscode\extensions\redhat.java-1.13.0-win32-x64\lombok\lombok-1.18.24.jar -XX:+HeapDumpOnOutOfMemoryError -XX:HeapDumpPath=c:\Users\acer\AppData\Roaming\Code\User\workspaceStorage\0e8752d5f3b152e03b92dc583413c394\redhat.java 
java_command: c:\Users\acer\.vscode\extensions\redhat.java-1.13.0-win32-x64\server\plugins\org.eclipse.equinox.launcher_1.6.400.v20210924-0641.jar -configuration c:\Users\acer\AppData\Roaming\Code\User\globalStorage\redhat.java\1.13.0\config_win -data c:\Users\acer\AppData\Roaming\Code\User\workspaceStorage\0e8752d5f3b152e03b92dc583413c394\redhat.java\jdt_ws
java_class_path (initial): c:\Users\acer\.vscode\extensions\redhat.java-1.13.0-win32-x64\server\plugins\org.eclipse.equinox.launcher_1.6.400.v20210924-0641.jar
Launcher Type: SUN_STANDARD

[Global flags]
    uintx AdaptiveSizePolicyWeight                 = 90                                        {product} {command line}
     intx CICompilerCount                          = 4                                         {product} {ergonomic}
    uintx GCTimeRatio                              = 4                                         {product} {command line}
     bool HeapDumpOnOutOfMemoryError               = true                                   {manageable} {command line}
    ccstr HeapDumpPath                             = c:\Users\acer\AppData\Roaming\Code\User\workspaceStorage\0e8752d5f3b152e03b92dc583413c394\redhat.java         {manageable} {command line}
   size_t InitialHeapSize                          = 104857600                                 {product} {command line}
   size_t MaxHeapSize                              = 2147483648                                {product} {command line}
   size_t MaxNewSize                               = 715653120                                 {product} {ergonomic}
   size_t MinHeapDeltaBytes                        = 524288                                    {product} {ergonomic}
   size_t MinHeapSize                              = 104857600                                 {product} {command line}
   size_t NewSize                                  = 34603008                                  {product} {ergonomic}
    uintx NonNMethodCodeHeapSize                   = 5839372                                {pd product} {ergonomic}
    uintx NonProfiledCodeHeapSize                  = 122909434                              {pd product} {ergonomic}
   size_t OldSize                                  = 70254592                                  {product} {ergonomic}
    uintx ProfiledCodeHeapSize                     = 122909434                              {pd product} {ergonomic}
    uintx ReservedCodeCacheSize                    = 251658240                              {pd product} {ergonomic}
     bool SegmentedCodeCache                       = true                                      {product} {ergonomic}
   size_t SoftMaxHeapSize                          = 2147483648                             {manageable} {ergonomic}
     bool UseCompressedClassPointers               = true                           {product lp64_product} {ergonomic}
     bool UseCompressedOops                        = true                           {product lp64_product} {ergonomic}
     bool UseLargePagesIndividualAllocation        = false                                  {pd product} {ergonomic}
     bool UseParallelGC                            = true                                      {product} {command line}

Logging:
Log output configuration:
 #0: stdout all=off uptime,level,tags
 #1: stderr all=off uptime,level,tags

Environment Variables:
JAVA_HOME=C:\Program Files\Java\jdk-17.0.1
PATH=C:\Program Files\Java\jdk-17.0.1\bin;C:\WINDOWS\system32;C:\WINDOWS;C:\WINDOWS\System32\Wbem;C:\WINDOWS\System32\WindowsPowerShell\v1.0\;C:\WINDOWS\System32\OpenSSH\;C:\Program Files\dotnet\;C:\Program Files (x86)\dotnet\;C:\Program Files\JavaDrivers\gradle-7.4.1\bin;C:\Program Files\Git\cmd;C:\Users\acer\.m2\wrapper\dists\apache-maven-3.6.3-bin\1iopthnavndlasol9gbrbg6bf2\apache-maven-3.6.3\bin\;C:\Program Files\Docker\Docker\resources\bin;C:\Program Files\nodejs\;C:\ProgramData\chocolatey\bin;C:\Users\acer\AppData\Local\Programs\Python\Python39\Scripts\;C:\Users\acer\AppData\Local\Programs\Python\Python39\;C:\Users\acer\AppData\Local\Microsoft\WindowsApps;C:\Program Files\Azure Data Studio\bin;C:\Program Files\mingw-w64\x86_64-8.1.0-posix-seh-rt_v6-rev0\mingw64\bin;C:\Users\acer\.dotnet\tools;C:\Users\acer\AppData\Local\Programs\Microsoft VS Code\bin;C:\Users\acer\AppData\Roaming\npm
USERNAME=acer
OS=Windows_NT
PROCESSOR_IDENTIFIER=AMD64 Family 23 Model 24 Stepping 1, AuthenticAMD
TMP=C:\Users\acer\AppData\Local\Temp
TEMP=C:\Users\acer\AppData\Local\Temp



---------------  S Y S T E M  ---------------

OS:
 Windows 11 , 64 bit Build 22000 (10.0.22000.1335)
OS uptime: 2 days 2:16 hours
Hyper-V role detected

CPU: total 8 (initial active 8) (8 cores per cpu, 2 threads per core) family 23 model 24 stepping 1 microcode 0x0, cx8, cmov, fxsr, ht, mmx, 3dnowpref, sse, sse2, sse3, ssse3, sse4a, sse4.1, sse4.2, popcnt, lzcnt, tsc, tscinvbit, avx, avx2, aes, clmul, bmi1, bmi2, adx, sha, fma, vzeroupper, clflush, clflushopt, hv

Memory: 4k page, system-wide physical 14274M (2526M free)
TotalPageFile size 18274M (AvailPageFile size 5M)
current process WorkingSet (physical memory assigned to process): 340M, peak: 340M
current process commit charge ("private bytes"): 424M, peak: 426M

vm_info: OpenJDK 64-Bit Server VM (17.0.5+8) for windows-amd64 JRE (17.0.5+8), built on Oct 19 2022 04:48:13 by "temurin" with MS VC++ 16.7 (VS2019)

END.
